[0.012s] Invoking command in '/home/telegdicsongor/scara_ws/SCARA_projekt/build/projekt': CMAKE_PREFIX_PATH=${CMAKE_PREFIX_PATH}:/opt/ros/jazzy DEBUGINFOD_URLS=https://debuginfod.ubuntu.com /usr/bin/cmake --build /home/telegdicsongor/scara_ws/SCARA_projekt/build/projekt -- -j4 -l4
[0.080s] Invoked command in '/home/telegdicsongor/scara_ws/SCARA_projekt/build/projekt' returned '0': CMAKE_PREFIX_PATH=${CMAKE_PREFIX_PATH}:/opt/ros/jazzy DEBUGINFOD_URLS=https://debuginfod.ubuntu.com /usr/bin/cmake --build /home/telegdicsongor/scara_ws/SCARA_projekt/build/projekt -- -j4 -l4
[0.088s] Invoking command in '/home/telegdicsongor/scara_ws/SCARA_projekt/build/projekt': CMAKE_PREFIX_PATH=${CMAKE_PREFIX_PATH}:/opt/ros/jazzy DEBUGINFOD_URLS=https://debuginfod.ubuntu.com /usr/bin/cmake --install /home/telegdicsongor/scara_ws/SCARA_projekt/build/projekt
[0.094s] -- Install configuration: ""
[0.094s] -- Up-to-date: /home/telegdicsongor/scara_ws/SCARA_projekt/install/projekt/lib/projekt/attach_detach_controller.py
[0.095s] -- Up-to-date: /home/telegdicsongor/scara_ws/SCARA_projekt/install/projekt/lib/projekt/controller_state_to_joint_states.py
[0.095s] -- Up-to-date: /home/telegdicsongor/scara_ws/SCARA_projekt/install/projekt/share/projekt/config
[0.096s] -- Up-to-date: /home/telegdicsongor/scara_ws/SCARA_projekt/install/projekt/share/projekt/config/controller_position.yaml
[0.096s] -- Up-to-date: /home/telegdicsongor/scara_ws/SCARA_projekt/install/projekt/share/projekt/config/gz_bridge.yaml
[0.096s] -- Up-to-date: /home/telegdicsongor/scara_ws/SCARA_projekt/install/projekt/share/projekt/launch
[0.096s] -- Up-to-date: /home/telegdicsongor/scara_ws/SCARA_projekt/install/projekt/share/projekt/launch/spawn_robot.launch.py
[0.097s] -- Up-to-date: /home/telegdicsongor/scara_ws/SCARA_projekt/install/projekt/share/projekt/launch/world.launch.py
[0.097s] -- Up-to-date: /home/telegdicsongor/scara_ws/SCARA_projekt/install/projekt/share/projekt/launch/check_urdf.launch.py
[0.097s] -- Up-to-date: /home/telegdicsongor/scara_ws/SCARA_projekt/install/projekt/share/projekt/rviz
[0.097s] -- Up-to-date: /home/telegdicsongor/scara_ws/SCARA_projekt/install/projekt/share/projekt/rviz/rviz.rviz
[0.098s] -- Up-to-date: /home/telegdicsongor/scara_ws/SCARA_projekt/install/projekt/share/projekt/rviz/urdf.rviz
[0.098s] -- Up-to-date: /home/telegdicsongor/scara_ws/SCARA_projekt/install/projekt/share/projekt/urdf
[0.098s] -- Up-to-date: /home/telegdicsongor/scara_ws/SCARA_projekt/install/projekt/share/projekt/urdf/scara.gazebo
[0.098s] -- Up-to-date: /home/telegdicsongor/scara_ws/SCARA_projekt/install/projekt/share/projekt/urdf/scara.urdf
[0.098s] -- Up-to-date: /home/telegdicsongor/scara_ws/SCARA_projekt/install/projekt/share/projekt/worlds
[0.098s] -- Up-to-date: /home/telegdicsongor/scara_ws/SCARA_projekt/install/projekt/share/projekt/worlds/world.sdf
[0.098s] -- Up-to-date: /home/telegdicsongor/scara_ws/SCARA_projekt/install/projekt/share/projekt/meshes
[0.098s] -- Up-to-date: /home/telegdicsongor/scara_ws/SCARA_projekt/install/projekt/share/projekt/meshes/steel_cube_5cm
[0.100s] -- Up-to-date: /home/telegdicsongor/scara_ws/SCARA_projekt/install/projekt/share/projekt/meshes/steel_cube_5cm/model.config
[0.100s] -- Up-to-date: /home/telegdicsongor/scara_ws/SCARA_projekt/install/projekt/share/projekt/meshes/steel_cube_5cm/steel_cube_5cm.obj
[0.100s] -- Up-to-date: /home/telegdicsongor/scara_ws/SCARA_projekt/install/projekt/share/projekt/meshes/steel_cube_5cm/model.sdf
[0.100s] -- Up-to-date: /home/telegdicsongor/scara_ws/SCARA_projekt/install/projekt/share/projekt/meshes/steel_cube_5cm/steel_cube_5cm.mtl
[0.100s] -- Up-to-date: /home/telegdicsongor/scara_ws/SCARA_projekt/install/projekt/share/projekt/meshes/steel_collection_bin
[0.100s] -- Up-to-date: /home/telegdicsongor/scara_ws/SCARA_projekt/install/projekt/share/projekt/meshes/steel_collection_bin/model.config
[0.100s] -- Up-to-date: /home/telegdicsongor/scara_ws/SCARA_projekt/install/projekt/share/projekt/meshes/steel_collection_bin/model.sdf
[0.100s] -- Up-to-date: /home/telegdicsongor/scara_ws/SCARA_projekt/install/projekt/share/projekt/meshes/wood_collection_bin
[0.101s] -- Up-to-date: /home/telegdicsongor/scara_ws/SCARA_projekt/install/projekt/share/projekt/meshes/wood_collection_bin/model.config
[0.101s] -- Up-to-date: /home/telegdicsongor/scara_ws/SCARA_projekt/install/projekt/share/projekt/meshes/wood_collection_bin/model.sdf
[0.101s] -- Up-to-date: /home/telegdicsongor/scara_ws/SCARA_projekt/install/projekt/share/projekt/meshes/wood_cube_5cm
[0.101s] -- Up-to-date: /home/telegdicsongor/scara_ws/SCARA_projekt/install/projekt/share/projekt/meshes/wood_cube_5cm/wood_cube_5cm.mtl
[0.101s] -- Up-to-date: /home/telegdicsongor/scara_ws/SCARA_projekt/install/projekt/share/projekt/meshes/wood_cube_5cm/model.config
[0.101s] -- Up-to-date: /home/telegdicsongor/scara_ws/SCARA_projekt/install/projekt/share/projekt/meshes/wood_cube_5cm/thumbnails
[0.101s] -- Up-to-date: /home/telegdicsongor/scara_ws/SCARA_projekt/install/projekt/share/projekt/meshes/wood_cube_5cm/thumbnails/4.png
[0.102s] -- Up-to-date: /home/telegdicsongor/scara_ws/SCARA_projekt/install/projekt/share/projekt/meshes/wood_cube_5cm/thumbnails/1.png
[0.102s] -- Up-to-date: /home/telegdicsongor/scara_ws/SCARA_projekt/install/projekt/share/projekt/meshes/wood_cube_5cm/thumbnails/3.png
[0.102s] -- Up-to-date: /home/telegdicsongor/scara_ws/SCARA_projekt/install/projekt/share/projekt/meshes/wood_cube_5cm/thumbnails/5.png
[0.102s] -- Up-to-date: /home/telegdicsongor/scara_ws/SCARA_projekt/install/projekt/share/projekt/meshes/wood_cube_5cm/thumbnails/2.png
[0.102s] -- Up-to-date: /home/telegdicsongor/scara_ws/SCARA_projekt/install/projekt/share/projekt/meshes/wood_cube_5cm/model.sdf
[0.102s] -- Up-to-date: /home/telegdicsongor/scara_ws/SCARA_projekt/install/projekt/share/projekt/meshes/wood_cube_5cm/model.rsdf
[0.102s] -- Up-to-date: /home/telegdicsongor/scara_ws/SCARA_projekt/install/projekt/share/projekt/meshes/wood_cube_5cm/meshes
[0.102s] -- Up-to-date: /home/telegdicsongor/scara_ws/SCARA_projekt/install/projekt/share/projekt/meshes/wood_cube_5cm/wood_cube_5cm.obj
[0.102s] -- Up-to-date: /home/telegdicsongor/scara_ws/SCARA_projekt/install/projekt/share/ament_index/resource_index/package_run_dependencies/projekt
[0.102s] -- Up-to-date: /home/telegdicsongor/scara_ws/SCARA_projekt/install/projekt/share/ament_index/resource_index/parent_prefix_path/projekt
[0.102s] -- Up-to-date: /home/telegdicsongor/scara_ws/SCARA_projekt/install/projekt/share/projekt/environment/ament_prefix_path.sh
[0.102s] -- Up-to-date: /home/telegdicsongor/scara_ws/SCARA_projekt/install/projekt/share/projekt/environment/ament_prefix_path.dsv
[0.102s] -- Up-to-date: /home/telegdicsongor/scara_ws/SCARA_projekt/install/projekt/share/projekt/environment/path.sh
[0.102s] -- Up-to-date: /home/telegdicsongor/scara_ws/SCARA_projekt/install/projekt/share/projekt/environment/path.dsv
[0.102s] -- Up-to-date: /home/telegdicsongor/scara_ws/SCARA_projekt/install/projekt/share/projekt/local_setup.bash
[0.102s] -- Up-to-date: /home/telegdicsongor/scara_ws/SCARA_projekt/install/projekt/share/projekt/local_setup.sh
[0.102s] -- Up-to-date: /home/telegdicsongor/scara_ws/SCARA_projekt/install/projekt/share/projekt/local_setup.zsh
[0.102s] -- Up-to-date: /home/telegdicsongor/scara_ws/SCARA_projekt/install/projekt/share/projekt/local_setup.dsv
[0.102s] -- Installing: /home/telegdicsongor/scara_ws/SCARA_projekt/install/projekt/share/projekt/package.dsv
[0.103s] -- Up-to-date: /home/telegdicsongor/scara_ws/SCARA_projekt/install/projekt/share/ament_index/resource_index/packages/projekt
[0.103s] -- Up-to-date: /home/telegdicsongor/scara_ws/SCARA_projekt/install/projekt/share/projekt/cmake/projektConfig.cmake
[0.103s] -- Up-to-date: /home/telegdicsongor/scara_ws/SCARA_projekt/install/projekt/share/projekt/cmake/projektConfig-version.cmake
[0.103s] -- Up-to-date: /home/telegdicsongor/scara_ws/SCARA_projekt/install/projekt/share/projekt/package.xml
[0.106s] Invoked command in '/home/telegdicsongor/scara_ws/SCARA_projekt/build/projekt' returned '0': CMAKE_PREFIX_PATH=${CMAKE_PREFIX_PATH}:/opt/ros/jazzy DEBUGINFOD_URLS=https://debuginfod.ubuntu.com /usr/bin/cmake --install /home/telegdicsongor/scara_ws/SCARA_projekt/build/projekt
