[0.007s] Invoking command in '/home/telegdicsongor/scara_ws/SCARA_projekt/build/projekt': CMAKE_PREFIX_PATH=${CMAKE_PREFIX_PATH}:/opt/ros/jazzy DEBUGINFOD_URLS=https://debuginfod.ubuntu.com /usr/bin/cmake /home/telegdicsongor/scara_ws/SCARA_projekt/projekt -DCMAKE_INSTALL_PREFIX=/home/telegdicsongor/scara_ws/SCARA_projekt/install/projekt
[0.129s] -- The C compiler identification is GNU 13.3.0
[0.226s] -- The CXX compiler identification is GNU 13.3.0
[0.240s] -- Detecting C compiler ABI info
[0.305s] -- Detecting C compiler ABI info - done
[0.311s] -- Check for working C compiler: /usr/bin/cc - skipped
[0.311s] -- Detecting C compile features
[0.311s] -- Detecting C compile features - done
[0.317s] -- Detecting CXX compiler ABI info
[0.373s] -- Detecting CXX compiler ABI info - done
[0.379s] -- Check for working CXX compiler: /usr/bin/c++ - skipped
[0.379s] -- Detecting CXX compile features
[0.379s] -- Detecting CXX compile features - done
[0.401s] -- Found ament_cmake: 2.5.6 (/opt/ros/jazzy/share/ament_cmake/cmake)
[0.494s] -- Found Python3: /usr/bin/python3 (found version "3.12.3") found components: Interpreter 
[0.641s] -- Configuring done (0.6s)
[0.643s] -- Generating done (0.0s)
[0.644s] -- Build files have been written to: /home/telegdicsongor/scara_ws/SCARA_projekt/build/projekt
[0.647s] Invoked command in '/home/telegdicsongor/scara_ws/SCARA_projekt/build/projekt' returned '0': CMAKE_PREFIX_PATH=${CMAKE_PREFIX_PATH}:/opt/ros/jazzy DEBUGINFOD_URLS=https://debuginfod.ubuntu.com /usr/bin/cmake /home/telegdicsongor/scara_ws/SCARA_projekt/projekt -DCMAKE_INSTALL_PREFIX=/home/telegdicsongor/scara_ws/SCARA_projekt/install/projekt
[0.648s] Invoking command in '/home/telegdicsongor/scara_ws/SCARA_projekt/build/projekt': CMAKE_PREFIX_PATH=${CMAKE_PREFIX_PATH}:/opt/ros/jazzy DEBUGINFOD_URLS=https://debuginfod.ubuntu.com /usr/bin/cmake --build /home/telegdicsongor/scara_ws/SCARA_projekt/build/projekt -- -j4 -l4
[0.672s] Invoked command in '/home/telegdicsongor/scara_ws/SCARA_projekt/build/projekt' returned '0': CMAKE_PREFIX_PATH=${CMAKE_PREFIX_PATH}:/opt/ros/jazzy DEBUGINFOD_URLS=https://debuginfod.ubuntu.com /usr/bin/cmake --build /home/telegdicsongor/scara_ws/SCARA_projekt/build/projekt -- -j4 -l4
[0.677s] Invoking command in '/home/telegdicsongor/scara_ws/SCARA_projekt/build/projekt': CMAKE_PREFIX_PATH=${CMAKE_PREFIX_PATH}:/opt/ros/jazzy DEBUGINFOD_URLS=https://debuginfod.ubuntu.com /usr/bin/cmake --install /home/telegdicsongor/scara_ws/SCARA_projekt/build/projekt
[0.681s] -- Install configuration: ""
[0.681s] -- Installing: /home/telegdicsongor/scara_ws/SCARA_projekt/install/projekt/lib/projekt/attach_detach_controller.py
[0.681s] -- Installing: /home/telegdicsongor/scara_ws/SCARA_projekt/install/projekt/share/projekt/config
[0.681s] -- Installing: /home/telegdicsongor/scara_ws/SCARA_projekt/install/projekt/share/projekt/config/controller_position.yaml
[0.681s] -- Installing: /home/telegdicsongor/scara_ws/SCARA_projekt/install/projekt/share/projekt/config/gz_bridge.yaml
[0.681s] -- Installing: /home/telegdicsongor/scara_ws/SCARA_projekt/install/projekt/share/projekt/launch
[0.681s] -- Installing: /home/telegdicsongor/scara_ws/SCARA_projekt/install/projekt/share/projekt/launch/spawn_robot.launch.py
[0.681s] -- Installing: /home/telegdicsongor/scara_ws/SCARA_projekt/install/projekt/share/projekt/launch/world.launch.py
[0.682s] -- Installing: /home/telegdicsongor/scara_ws/SCARA_projekt/install/projekt/share/projekt/launch/check_urdf.launch.py
[0.682s] -- Installing: /home/telegdicsongor/scara_ws/SCARA_projekt/install/projekt/share/projekt/rviz
[0.682s] -- Installing: /home/telegdicsongor/scara_ws/SCARA_projekt/install/projekt/share/projekt/rviz/rviz.rviz
[0.682s] -- Installing: /home/telegdicsongor/scara_ws/SCARA_projekt/install/projekt/share/projekt/rviz/urdf.rviz
[0.682s] -- Installing: /home/telegdicsongor/scara_ws/SCARA_projekt/install/projekt/share/projekt/urdf
[0.682s] -- Installing: /home/telegdicsongor/scara_ws/SCARA_projekt/install/projekt/share/projekt/urdf/scara.gazebo
[0.682s] -- Installing: /home/telegdicsongor/scara_ws/SCARA_projekt/install/projekt/share/projekt/urdf/scara.urdf
[0.682s] -- Installing: /home/telegdicsongor/scara_ws/SCARA_projekt/install/projekt/share/projekt/worlds
[0.682s] -- Installing: /home/telegdicsongor/scara_ws/SCARA_projekt/install/projekt/share/projekt/worlds/world.sdf
[0.682s] [31mCMake Error at cmake_install.cmake:50 (file):
[0.682s]   file INSTALL cannot find
[0.682s]   "/home/telegdicsongor/scara_ws/SCARA_projekt/projekt/meshes": No such file
[0.682s]   or directory.
[0.682s] 
[0.682s] [0m
[0.683s] Invoked command in '/home/telegdicsongor/scara_ws/SCARA_projekt/build/projekt' returned '1': CMAKE_PREFIX_PATH=${CMAKE_PREFIX_PATH}:/opt/ros/jazzy DEBUGINFOD_URLS=https://debuginfod.ubuntu.com /usr/bin/cmake --install /home/telegdicsongor/scara_ws/SCARA_projekt/build/projekt
