-- Install configuration: ""
-- Up-to-date: /home/telegdicsongor/scara_ws/SCARA_projekt/install/projekt/lib/projekt/attach_detach_controller.py
-- Up-to-date: /home/telegdicsongor/scara_ws/SCARA_projekt/install/projekt/lib/projekt/controller_state_to_joint_states.py
-- Up-to-date: /home/telegdicsongor/scara_ws/SCARA_projekt/install/projekt/share/projekt/config
-- Up-to-date: /home/telegdicsongor/scara_ws/SCARA_projekt/install/projekt/share/projekt/config/controller_position.yaml
-- Up-to-date: /home/telegdicsongor/scara_ws/SCARA_projekt/install/projekt/share/projekt/config/gz_bridge.yaml
-- Up-to-date: /home/telegdicsongor/scara_ws/SCARA_projekt/install/projekt/share/projekt/launch
-- Up-to-date: /home/telegdicsongor/scara_ws/SCARA_projekt/install/projekt/share/projekt/launch/spawn_robot.launch.py
-- Up-to-date: /home/telegdicsongor/scara_ws/SCARA_projekt/install/projekt/share/projekt/launch/__pycache__
-- Up-to-date: /home/telegdicsongor/scara_ws/SCARA_projekt/install/projekt/share/projekt/launch/world.launch.py
-- Up-to-date: /home/telegdicsongor/scara_ws/SCARA_projekt/install/projekt/share/projekt/launch/check_urdf.launch.py
-- Up-to-date: /home/telegdicsongor/scara_ws/SCARA_projekt/install/projekt/share/projekt/rviz
-- Up-to-date: /home/telegdicsongor/scara_ws/SCARA_projekt/install/projekt/share/projekt/rviz/rviz.rviz
-- Up-to-date: /home/telegdicsongor/scara_ws/SCARA_projekt/install/projekt/share/projekt/rviz/urdf.rviz
-- Up-to-date: /home/telegdicsongor/scara_ws/SCARA_projekt/install/projekt/share/projekt/urdf
-- Up-to-date: /home/telegdicsongor/scara_ws/SCARA_projekt/install/projekt/share/projekt/urdf/scara.gazebo
-- Up-to-date: /home/telegdicsongor/scara_ws/SCARA_projekt/install/projekt/share/projekt/urdf/scara.urdf
-- Up-to-date: /home/telegdicsongor/scara_ws/SCARA_projekt/install/projekt/share/projekt/worlds
-- Installing: /home/telegdicsongor/scara_ws/SCARA_projekt/install/projekt/share/projekt/worlds/world.sdf
-- Up-to-date: /home/telegdicsongor/scara_ws/SCARA_projekt/install/projekt/share/projekt/meshes
-- Up-to-date: /home/telegdicsongor/scara_ws/SCARA_projekt/install/projekt/share/ament_index/resource_index/package_run_dependencies/projekt
-- Up-to-date: /home/telegdicsongor/scara_ws/SCARA_projekt/install/projekt/share/ament_index/resource_index/parent_prefix_path/projekt
-- Up-to-date: /home/telegdicsongor/scara_ws/SCARA_projekt/install/projekt/share/projekt/environment/ament_prefix_path.sh
-- Up-to-date: /home/telegdicsongor/scara_ws/SCARA_projekt/install/projekt/share/projekt/environment/ament_prefix_path.dsv
-- Up-to-date: /home/telegdicsongor/scara_ws/SCARA_projekt/install/projekt/share/projekt/environment/path.sh
-- Up-to-date: /home/telegdicsongor/scara_ws/SCARA_projekt/install/projekt/share/projekt/environment/path.dsv
-- Up-to-date: /home/telegdicsongor/scara_ws/SCARA_projekt/install/projekt/share/projekt/local_setup.bash
-- Up-to-date: /home/telegdicsongor/scara_ws/SCARA_projekt/install/projekt/share/projekt/local_setup.sh
-- Up-to-date: /home/telegdicsongor/scara_ws/SCARA_projekt/install/projekt/share/projekt/local_setup.zsh
-- Up-to-date: /home/telegdicsongor/scara_ws/SCARA_projekt/install/projekt/share/projekt/local_setup.dsv
-- Installing: /home/telegdicsongor/scara_ws/SCARA_projekt/install/projekt/share/projekt/package.dsv
-- Up-to-date: /home/telegdicsongor/scara_ws/SCARA_projekt/install/projekt/share/ament_index/resource_index/packages/projekt
-- Up-to-date: /home/telegdicsongor/scara_ws/SCARA_projekt/install/projekt/share/projekt/cmake/projektConfig.cmake
-- Up-to-date: /home/telegdicsongor/scara_ws/SCARA_projekt/install/projekt/share/projekt/cmake/projektConfig-version.cmake
-- Up-to-date: /home/telegdicsongor/scara_ws/SCARA_projekt/install/projekt/share/projekt/package.xml
