[0.016s] Invoking command in '/home/telegdicsongor/scara_ws/SCARA_projekt/build/projekt': CMAKE_PREFIX_PATH=${CMAKE_PREFIX_PATH}:/opt/ros/jazzy DEBUGINFOD_URLS=https://debuginfod.ubuntu.com /usr/bin/cmake --build /home/telegdicsongor/scara_ws/SCARA_projekt/build/projekt -- -j4 -l4
[0.064s] Invoked command in '/home/telegdicsongor/scara_ws/SCARA_projekt/build/projekt' returned '0': CMAKE_PREFIX_PATH=${CMAKE_PREFIX_PATH}:/opt/ros/jazzy DEBUGINFOD_URLS=https://debuginfod.ubuntu.com /usr/bin/cmake --build /home/telegdicsongor/scara_ws/SCARA_projekt/build/projekt -- -j4 -l4
[0.069s] Invoking command in '/home/telegdicsongor/scara_ws/SCARA_projekt/build/projekt': CMAKE_PREFIX_PATH=${CMAKE_PREFIX_PATH}:/opt/ros/jazzy DEBUGINFOD_URLS=https://debuginfod.ubuntu.com /usr/bin/cmake --install /home/telegdicsongor/scara_ws/SCARA_projekt/build/projekt
[0.081s] -- Install configuration: ""
[0.081s] -- Up-to-date: /home/telegdicsongor/scara_ws/SCARA_projekt/install/projekt/lib/projekt/attach_detach_controller.py
[0.081s] -- Up-to-date: /home/telegdicsongor/scara_ws/SCARA_projekt/install/projekt/share/projekt/config
[0.081s] -- Up-to-date: /home/telegdicsongor/scara_ws/SCARA_projekt/install/projekt/share/projekt/config/controller_position.yaml
[0.081s] -- Up-to-date: /home/telegdicsongor/scara_ws/SCARA_projekt/install/projekt/share/projekt/config/gz_bridge.yaml
[0.081s] -- Up-to-date: /home/telegdicsongor/scara_ws/SCARA_projekt/install/projekt/share/projekt/launch
[0.081s] -- Up-to-date: /home/telegdicsongor/scara_ws/SCARA_projekt/install/projekt/share/projekt/launch/spawn_robot.launch.py
[0.081s] -- Up-to-date: /home/telegdicsongor/scara_ws/SCARA_projekt/install/projekt/share/projekt/launch/world.launch.py
[0.082s] -- Up-to-date: /home/telegdicsongor/scara_ws/SCARA_projekt/install/projekt/share/projekt/launch/check_urdf.launch.py
[0.082s] -- Up-to-date: /home/telegdicsongor/scara_ws/SCARA_projekt/install/projekt/share/projekt/rviz
[0.082s] -- Up-to-date: /home/telegdicsongor/scara_ws/SCARA_projekt/install/projekt/share/projekt/rviz/rviz.rviz
[0.082s] -- Up-to-date: /home/telegdicsongor/scara_ws/SCARA_projekt/install/projekt/share/projekt/rviz/urdf.rviz
[0.082s] -- Up-to-date: /home/telegdicsongor/scara_ws/SCARA_projekt/install/projekt/share/projekt/urdf
[0.082s] -- Up-to-date: /home/telegdicsongor/scara_ws/SCARA_projekt/install/projekt/share/projekt/urdf/scara.gazebo
[0.082s] -- Up-to-date: /home/telegdicsongor/scara_ws/SCARA_projekt/install/projekt/share/projekt/urdf/scara.urdf
[0.082s] -- Up-to-date: /home/telegdicsongor/scara_ws/SCARA_projekt/install/projekt/share/projekt/worlds
[0.082s] -- Up-to-date: /home/telegdicsongor/scara_ws/SCARA_projekt/install/projekt/share/projekt/worlds/world.sdf
[0.082s] -- Up-to-date: /home/telegdicsongor/scara_ws/SCARA_projekt/install/projekt/share/projekt/meshes
[0.082s] -- Up-to-date: /home/telegdicsongor/scara_ws/SCARA_projekt/install/projekt/share/ament_index/resource_index/package_run_dependencies/projekt
[0.083s] -- Up-to-date: /home/telegdicsongor/scara_ws/SCARA_projekt/install/projekt/share/ament_index/resource_index/parent_prefix_path/projekt
[0.083s] -- Up-to-date: /home/telegdicsongor/scara_ws/SCARA_projekt/install/projekt/share/projekt/environment/ament_prefix_path.sh
[0.083s] -- Up-to-date: /home/telegdicsongor/scara_ws/SCARA_projekt/install/projekt/share/projekt/environment/ament_prefix_path.dsv
[0.083s] -- Up-to-date: /home/telegdicsongor/scara_ws/SCARA_projekt/install/projekt/share/projekt/environment/path.sh
[0.083s] -- Up-to-date: /home/telegdicsongor/scara_ws/SCARA_projekt/install/projekt/share/projekt/environment/path.dsv
[0.083s] -- Up-to-date: /home/telegdicsongor/scara_ws/SCARA_projekt/install/projekt/share/projekt/local_setup.bash
[0.083s] -- Up-to-date: /home/telegdicsongor/scara_ws/SCARA_projekt/install/projekt/share/projekt/local_setup.sh
[0.083s] -- Up-to-date: /home/telegdicsongor/scara_ws/SCARA_projekt/install/projekt/share/projekt/local_setup.zsh
[0.083s] -- Up-to-date: /home/telegdicsongor/scara_ws/SCARA_projekt/install/projekt/share/projekt/local_setup.dsv
[0.084s] -- Installing: /home/telegdicsongor/scara_ws/SCARA_projekt/install/projekt/share/projekt/package.dsv
[0.084s] -- Up-to-date: /home/telegdicsongor/scara_ws/SCARA_projekt/install/projekt/share/ament_index/resource_index/packages/projekt
[0.084s] -- Up-to-date: /home/telegdicsongor/scara_ws/SCARA_projekt/install/projekt/share/projekt/cmake/projektConfig.cmake
[0.084s] -- Up-to-date: /home/telegdicsongor/scara_ws/SCARA_projekt/install/projekt/share/projekt/cmake/projektConfig-version.cmake
[0.084s] -- Up-to-date: /home/telegdicsongor/scara_ws/SCARA_projekt/install/projekt/share/projekt/package.xml
[0.084s] Invoked command in '/home/telegdicsongor/scara_ws/SCARA_projekt/build/projekt' returned '0': CMAKE_PREFIX_PATH=${CMAKE_PREFIX_PATH}:/opt/ros/jazzy DEBUGINFOD_URLS=https://debuginfod.ubuntu.com /usr/bin/cmake --install /home/telegdicsongor/scara_ws/SCARA_projekt/build/projekt
