[0.438s] DEBUG:colcon:Command line arguments: ['/usr/bin/colcon', 'build', '--packages-select', 'projekt']
[0.438s] DEBUG:colcon:Parsed command line arguments: Namespace(log_base=None, log_level=None, verb_name='build', build_base='build', install_base='install', merge_install=False, symlink_install=False, test_result_base=None, continue_on_error=False, executor='parallel', parallel_workers=4, event_handlers=None, ignore_user_meta=False, metas=['./colcon.meta'], base_paths=['.'], packages_ignore=None, packages_ignore_regex=None, paths=None, packages_up_to=None, packages_up_to_regex=None, packages_above=None, packages_above_and_dependencies=None, packages_above_depth=None, packages_select_by_dep=None, packages_skip_by_dep=None, packages_skip_up_to=None, packages_select_build_failed=False, packages_skip_build_finished=False, packages_select_test_failures=False, packages_skip_test_passed=False, packages_select=['projekt'], packages_skip=None, packages_select_regex=None, packages_skip_regex=None, packages_start=None, packages_end=None, allow_overriding=[], cmake_args=None, cmake_target=None, cmake_target_skip_unavailable=False, cmake_clean_cache=False, cmake_clean_first=False, cmake_force_configure=False, ament_cmake_args=None, catkin_cmake_args=None, catkin_skip_building_tests=False, mixin_files=None, mixin=None, verb_parser=<colcon_mixin.mixin.mixin_argument.MixinArgumentDecorator object at 0xe215130032c0>, verb_extension=<colcon_core.verb.build.BuildVerb object at 0xe215131bfa40>, main=<bound method BuildVerb.main of <colcon_core.verb.build.BuildVerb object at 0xe215131bfa40>>, mixin_verb=('build',))
[0.865s] Level 1:colcon.colcon_core.package_discovery:discover_packages(colcon_meta) check parameters
[0.866s] Level 1:colcon.colcon_core.package_discovery:discover_packages(recursive) check parameters
[0.867s] Level 1:colcon.colcon_core.package_discovery:discover_packages(ignore) check parameters
[0.867s] Level 1:colcon.colcon_core.package_discovery:discover_packages(path) check parameters
[0.867s] Level 1:colcon.colcon_core.package_discovery:discover_packages(colcon_meta) discover
[0.867s] Level 1:colcon.colcon_core.package_discovery:discover_packages(recursive) discover
[0.867s] INFO:colcon.colcon_core.package_discovery:Crawling recursively for packages in '/home/telegdicsongor/scara_ws/SCARA_projekt'
[0.868s] Level 1:colcon.colcon_core.package_identification:_identify(.) by extensions ['ignore', 'ignore_ament_install']
[0.868s] Level 1:colcon.colcon_core.package_identification:_identify(.) by extension 'ignore'
[0.869s] Level 1:colcon.colcon_core.package_identification:_identify(.) by extension 'ignore_ament_install'
[0.869s] Level 1:colcon.colcon_core.package_identification:_identify(.) by extensions ['colcon_pkg']
[0.869s] Level 1:colcon.colcon_core.package_identification:_identify(.) by extension 'colcon_pkg'
[0.872s] Level 1:colcon.colcon_core.package_identification:_identify(.) by extensions ['colcon_meta']
[0.872s] Level 1:colcon.colcon_core.package_identification:_identify(.) by extension 'colcon_meta'
[0.872s] Level 1:colcon.colcon_core.package_identification:_identify(.) by extensions ['ros']
[0.872s] Level 1:colcon.colcon_core.package_identification:_identify(.) by extension 'ros'
[0.962s] Level 1:colcon.colcon_core.package_identification:_identify(.) by extensions ['cmake', 'python']
[0.966s] Level 1:colcon.colcon_core.package_identification:_identify(.) by extension 'cmake'
[0.966s] Level 1:colcon.colcon_core.package_identification:_identify(.) by extension 'python'
[0.966s] Level 1:colcon.colcon_core.package_identification:_identify(.) by extensions ['python_setup_py']
[0.966s] Level 1:colcon.colcon_core.package_identification:_identify(.) by extension 'python_setup_py'
[0.966s] Level 1:colcon.colcon_core.package_identification:_identify(build) by extensions ['ignore', 'ignore_ament_install']
[0.966s] Level 1:colcon.colcon_core.package_identification:_identify(build) by extension 'ignore'
[0.966s] Level 1:colcon.colcon_core.package_identification:_identify(build) ignored
[0.966s] Level 1:colcon.colcon_core.package_identification:_identify(install) by extensions ['ignore', 'ignore_ament_install']
[0.966s] Level 1:colcon.colcon_core.package_identification:_identify(install) by extension 'ignore'
[0.966s] Level 1:colcon.colcon_core.package_identification:_identify(install) ignored
[0.967s] Level 1:colcon.colcon_core.package_identification:_identify(log) by extensions ['ignore', 'ignore_ament_install']
[0.967s] Level 1:colcon.colcon_core.package_identification:_identify(log) by extension 'ignore'
[0.967s] Level 1:colcon.colcon_core.package_identification:_identify(log) ignored
[0.967s] Level 1:colcon.colcon_core.package_identification:_identify(projekt) by extensions ['ignore', 'ignore_ament_install']
[0.967s] Level 1:colcon.colcon_core.package_identification:_identify(projekt) by extension 'ignore'
[0.967s] Level 1:colcon.colcon_core.package_identification:_identify(projekt) by extension 'ignore_ament_install'
[0.967s] Level 1:colcon.colcon_core.package_identification:_identify(projekt) by extensions ['colcon_pkg']
[0.967s] Level 1:colcon.colcon_core.package_identification:_identify(projekt) by extension 'colcon_pkg'
[0.967s] Level 1:colcon.colcon_core.package_identification:_identify(projekt) by extensions ['colcon_meta']
[0.967s] Level 1:colcon.colcon_core.package_identification:_identify(projekt) by extension 'colcon_meta'
[0.967s] Level 1:colcon.colcon_core.package_identification:_identify(projekt) by extensions ['ros']
[0.967s] Level 1:colcon.colcon_core.package_identification:_identify(projekt) by extension 'ros'
[0.980s] DEBUG:colcon.colcon_core.package_identification:Package 'projekt' with type 'ros.ament_cmake' and name 'projekt'
[0.980s] Level 1:colcon.colcon_core.package_discovery:discover_packages(recursive) using defaults
[0.980s] Level 1:colcon.colcon_core.package_discovery:discover_packages(ignore) discover
[0.980s] Level 1:colcon.colcon_core.package_discovery:discover_packages(ignore) using defaults
[0.980s] Level 1:colcon.colcon_core.package_discovery:discover_packages(path) discover
[0.980s] Level 1:colcon.colcon_core.package_discovery:discover_packages(path) using defaults
[1.051s] Level 1:colcon.colcon_core.package_discovery:discover_packages(prefix_path) check parameters
[1.051s] Level 1:colcon.colcon_core.package_discovery:discover_packages(prefix_path) discover
[1.068s] DEBUG:colcon.colcon_installed_package_information.package_discovery:Found 346 installed packages in /opt/ros/jazzy
[1.075s] Level 1:colcon.colcon_core.package_discovery:discover_packages(prefix_path) using defaults
[1.180s] Level 5:colcon.colcon_core.verb:set package 'projekt' build argument 'cmake_args' from command line to 'None'
[1.184s] Level 5:colcon.colcon_core.verb:set package 'projekt' build argument 'cmake_target' from command line to 'None'
[1.185s] Level 5:colcon.colcon_core.verb:set package 'projekt' build argument 'cmake_target_skip_unavailable' from command line to 'False'
[1.185s] Level 5:colcon.colcon_core.verb:set package 'projekt' build argument 'cmake_clean_cache' from command line to 'False'
[1.185s] Level 5:colcon.colcon_core.verb:set package 'projekt' build argument 'cmake_clean_first' from command line to 'False'
[1.185s] Level 5:colcon.colcon_core.verb:set package 'projekt' build argument 'cmake_force_configure' from command line to 'False'
[1.185s] Level 5:colcon.colcon_core.verb:set package 'projekt' build argument 'ament_cmake_args' from command line to 'None'
[1.185s] Level 5:colcon.colcon_core.verb:set package 'projekt' build argument 'catkin_cmake_args' from command line to 'None'
[1.185s] Level 5:colcon.colcon_core.verb:set package 'projekt' build argument 'catkin_skip_building_tests' from command line to 'False'
[1.186s] DEBUG:colcon.colcon_core.verb:Building package 'projekt' with the following arguments: {'ament_cmake_args': None, 'build_base': '/home/telegdicsongor/scara_ws/SCARA_projekt/build/projekt', 'catkin_cmake_args': None, 'catkin_skip_building_tests': False, 'cmake_args': None, 'cmake_clean_cache': False, 'cmake_clean_first': False, 'cmake_force_configure': False, 'cmake_target': None, 'cmake_target_skip_unavailable': False, 'install_base': '/home/telegdicsongor/scara_ws/SCARA_projekt/install/projekt', 'merge_install': False, 'path': '/home/telegdicsongor/scara_ws/SCARA_projekt/projekt', 'symlink_install': False, 'test_result_base': None}
[1.186s] INFO:colcon.colcon_core.executor:Executing jobs using 'parallel' executor
[1.190s] DEBUG:colcon.colcon_parallel_executor.executor.parallel:run_until_complete
[1.191s] INFO:colcon.colcon_ros.task.ament_cmake.build:Building ROS package in '/home/telegdicsongor/scara_ws/SCARA_projekt/projekt' with build type 'ament_cmake'
[1.201s] INFO:colcon.colcon_cmake.task.cmake.build:Building CMake package in '/home/telegdicsongor/scara_ws/SCARA_projekt/projekt'
[1.218s] INFO:colcon.colcon_core.plugin_system:Skipping extension 'colcon_core.shell.bat': Not used on non-Windows systems
[1.218s] INFO:colcon.colcon_core.shell:Skip shell extension 'powershell' for command environment: Not usable outside of PowerShell
[1.218s] DEBUG:colcon.colcon_core.shell:Skip shell extension 'dsv' for command environment
[1.246s] DEBUG:colcon.colcon_core.event_handler.log_command:Invoking command in '/home/telegdicsongor/scara_ws/SCARA_projekt/build/projekt': CMAKE_PREFIX_PATH=${CMAKE_PREFIX_PATH}:/opt/ros/jazzy DEBUGINFOD_URLS=https://debuginfod.ubuntu.com /usr/bin/cmake --build /home/telegdicsongor/scara_ws/SCARA_projekt/build/projekt -- -j4 -l4
[2.073s] DEBUG:colcon.colcon_core.event_handler.log_command:Invoked command in '/home/telegdicsongor/scara_ws/SCARA_projekt/build/projekt' returned '0': CMAKE_PREFIX_PATH=${CMAKE_PREFIX_PATH}:/opt/ros/jazzy DEBUGINFOD_URLS=https://debuginfod.ubuntu.com /usr/bin/cmake --build /home/telegdicsongor/scara_ws/SCARA_projekt/build/projekt -- -j4 -l4
[2.095s] DEBUG:colcon.colcon_core.event_handler.log_command:Invoking command in '/home/telegdicsongor/scara_ws/SCARA_projekt/build/projekt': CMAKE_PREFIX_PATH=${CMAKE_PREFIX_PATH}:/opt/ros/jazzy DEBUGINFOD_URLS=https://debuginfod.ubuntu.com /usr/bin/cmake --install /home/telegdicsongor/scara_ws/SCARA_projekt/build/projekt
[2.111s] Level 1:colcon.colcon_core.environment:create_environment_scripts_only(projekt)
[2.113s] DEBUG:colcon.colcon_core.event_handler.log_command:Invoked command in '/home/telegdicsongor/scara_ws/SCARA_projekt/build/projekt' returned '0': CMAKE_PREFIX_PATH=${CMAKE_PREFIX_PATH}:/opt/ros/jazzy DEBUGINFOD_URLS=https://debuginfod.ubuntu.com /usr/bin/cmake --install /home/telegdicsongor/scara_ws/SCARA_projekt/build/projekt
[2.119s] Level 1:colcon.colcon_core.environment:checking '/home/telegdicsongor/scara_ws/SCARA_projekt/install/projekt' for CMake module files
[2.119s] Level 1:colcon.colcon_core.environment:checking '/home/telegdicsongor/scara_ws/SCARA_projekt/install/projekt' for CMake config files
[2.120s] Level 1:colcon.colcon_core.shell:create_environment_hook('projekt', 'cmake_prefix_path')
[2.120s] INFO:colcon.colcon_core.shell:Creating environment hook '/home/telegdicsongor/scara_ws/SCARA_projekt/install/projekt/share/projekt/hook/cmake_prefix_path.ps1'
[2.125s] INFO:colcon.colcon_core.shell:Creating environment descriptor '/home/telegdicsongor/scara_ws/SCARA_projekt/install/projekt/share/projekt/hook/cmake_prefix_path.dsv'
[2.126s] INFO:colcon.colcon_core.shell:Creating environment hook '/home/telegdicsongor/scara_ws/SCARA_projekt/install/projekt/share/projekt/hook/cmake_prefix_path.sh'
[2.128s] Level 1:colcon.colcon_core.environment:checking '/home/telegdicsongor/scara_ws/SCARA_projekt/install/projekt/bin'
[2.128s] Level 1:colcon.colcon_core.environment:checking '/home/telegdicsongor/scara_ws/SCARA_projekt/install/projekt/lib/pkgconfig/projekt.pc'
[2.128s] Level 1:colcon.colcon_core.environment:checking '/home/telegdicsongor/scara_ws/SCARA_projekt/install/projekt/lib/python3.12/site-packages'
[2.128s] Level 1:colcon.colcon_core.environment:checking '/home/telegdicsongor/scara_ws/SCARA_projekt/install/projekt/bin'
[2.128s] INFO:colcon.colcon_core.shell:Creating package script '/home/telegdicsongor/scara_ws/SCARA_projekt/install/projekt/share/projekt/package.ps1'
[2.129s] INFO:colcon.colcon_core.shell:Creating package descriptor '/home/telegdicsongor/scara_ws/SCARA_projekt/install/projekt/share/projekt/package.dsv'
[2.130s] INFO:colcon.colcon_core.shell:Creating package script '/home/telegdicsongor/scara_ws/SCARA_projekt/install/projekt/share/projekt/package.sh'
[2.131s] INFO:colcon.colcon_core.shell:Creating package script '/home/telegdicsongor/scara_ws/SCARA_projekt/install/projekt/share/projekt/package.bash'
[2.131s] INFO:colcon.colcon_core.shell:Creating package script '/home/telegdicsongor/scara_ws/SCARA_projekt/install/projekt/share/projekt/package.zsh'
[2.132s] Level 1:colcon.colcon_core.environment:create_file_with_runtime_dependencies(/home/telegdicsongor/scara_ws/SCARA_projekt/install/projekt/share/colcon-core/packages/projekt)
[2.133s] Level 1:colcon.colcon_core.environment:create_environment_scripts_only(projekt)
[2.133s] Level 1:colcon.colcon_core.environment:checking '/home/telegdicsongor/scara_ws/SCARA_projekt/install/projekt' for CMake module files
[2.134s] Level 1:colcon.colcon_core.environment:checking '/home/telegdicsongor/scara_ws/SCARA_projekt/install/projekt' for CMake config files
[2.134s] Level 1:colcon.colcon_core.shell:create_environment_hook('projekt', 'cmake_prefix_path')
[2.134s] INFO:colcon.colcon_core.shell:Creating environment hook '/home/telegdicsongor/scara_ws/SCARA_projekt/install/projekt/share/projekt/hook/cmake_prefix_path.ps1'
[2.135s] INFO:colcon.colcon_core.shell:Creating environment descriptor '/home/telegdicsongor/scara_ws/SCARA_projekt/install/projekt/share/projekt/hook/cmake_prefix_path.dsv'
[2.135s] INFO:colcon.colcon_core.shell:Creating environment hook '/home/telegdicsongor/scara_ws/SCARA_projekt/install/projekt/share/projekt/hook/cmake_prefix_path.sh'
[2.136s] Level 1:colcon.colcon_core.environment:checking '/home/telegdicsongor/scara_ws/SCARA_projekt/install/projekt/bin'
[2.136s] Level 1:colcon.colcon_core.environment:checking '/home/telegdicsongor/scara_ws/SCARA_projekt/install/projekt/lib/pkgconfig/projekt.pc'
[2.136s] Level 1:colcon.colcon_core.environment:checking '/home/telegdicsongor/scara_ws/SCARA_projekt/install/projekt/lib/python3.12/site-packages'
[2.136s] Level 1:colcon.colcon_core.environment:checking '/home/telegdicsongor/scara_ws/SCARA_projekt/install/projekt/bin'
[2.136s] INFO:colcon.colcon_core.shell:Creating package script '/home/telegdicsongor/scara_ws/SCARA_projekt/install/projekt/share/projekt/package.ps1'
[2.138s] INFO:colcon.colcon_core.shell:Creating package descriptor '/home/telegdicsongor/scara_ws/SCARA_projekt/install/projekt/share/projekt/package.dsv'
[2.138s] INFO:colcon.colcon_core.shell:Creating package script '/home/telegdicsongor/scara_ws/SCARA_projekt/install/projekt/share/projekt/package.sh'
[2.139s] INFO:colcon.colcon_core.shell:Creating package script '/home/telegdicsongor/scara_ws/SCARA_projekt/install/projekt/share/projekt/package.bash'
[2.139s] INFO:colcon.colcon_core.shell:Creating package script '/home/telegdicsongor/scara_ws/SCARA_projekt/install/projekt/share/projekt/package.zsh'
[2.139s] Level 1:colcon.colcon_core.environment:create_file_with_runtime_dependencies(/home/telegdicsongor/scara_ws/SCARA_projekt/install/projekt/share/colcon-core/packages/projekt)
[2.140s] DEBUG:colcon.colcon_parallel_executor.executor.parallel:closing loop
[2.140s] DEBUG:colcon.colcon_parallel_executor.executor.parallel:loop closed
[2.140s] DEBUG:colcon.colcon_parallel_executor.executor.parallel:run_until_complete finished with '0'
[2.140s] DEBUG:colcon.colcon_core.event_reactor:joining thread
[2.149s] INFO:colcon.colcon_core.plugin_system:Skipping extension 'colcon_notification.desktop_notification.terminal_notifier': Not used on non-Darwin systems
[2.149s] INFO:colcon.colcon_core.plugin_system:Skipping extension 'colcon_notification.desktop_notification.win32': Not used on non-Windows systems
[2.149s] INFO:colcon.colcon_notification.desktop_notification:Sending desktop notification using 'notify2'
[2.149s] DEBUG:colcon.colcon_notification.desktop_notification.notify2:Failed to initialize notify2: org.freedesktop.DBus.Error.AccessDenied: Failed to connect to socket /run/user/1000/bus: Operation not permitted
[2.150s] DEBUG:colcon.colcon_core.event_reactor:joined thread
[2.150s] INFO:colcon.colcon_core.shell:Creating prefix script '/home/telegdicsongor/scara_ws/SCARA_projekt/install/local_setup.ps1'
[2.152s] INFO:colcon.colcon_core.shell:Creating prefix util module '/home/telegdicsongor/scara_ws/SCARA_projekt/install/_local_setup_util_ps1.py'
[2.156s] INFO:colcon.colcon_core.shell:Creating prefix chain script '/home/telegdicsongor/scara_ws/SCARA_projekt/install/setup.ps1'
[2.159s] INFO:colcon.colcon_core.shell:Creating prefix script '/home/telegdicsongor/scara_ws/SCARA_projekt/install/local_setup.sh'
[2.161s] INFO:colcon.colcon_core.shell:Creating prefix util module '/home/telegdicsongor/scara_ws/SCARA_projekt/install/_local_setup_util_sh.py'
[2.161s] INFO:colcon.colcon_core.shell:Creating prefix chain script '/home/telegdicsongor/scara_ws/SCARA_projekt/install/setup.sh'
[2.162s] INFO:colcon.colcon_core.shell:Creating prefix script '/home/telegdicsongor/scara_ws/SCARA_projekt/install/local_setup.bash'
[2.163s] INFO:colcon.colcon_core.shell:Creating prefix chain script '/home/telegdicsongor/scara_ws/SCARA_projekt/install/setup.bash'
[2.164s] INFO:colcon.colcon_core.shell:Creating prefix script '/home/telegdicsongor/scara_ws/SCARA_projekt/install/local_setup.zsh'
[2.164s] INFO:colcon.colcon_core.shell:Creating prefix chain script '/home/telegdicsongor/scara_ws/SCARA_projekt/install/setup.zsh'
