[0.016s] Invoking command in '/home/telegdicsongor/scara_ws/SCARA_projekt/build/projekt': CMAKE_PREFIX_PATH=${CMAKE_PREFIX_PATH}:/home/telegdicsongor/install/bme_ros2_tutorials_py:/home/telegdicsongor/ros2_ws/install/bme_ros2_tutorials_py:/opt/ros/jazzy DEBUGINFOD_URLS=https://debuginfod.ubuntu.com /usr/bin/cmake --build /home/telegdicsongor/scara_ws/SCARA_projekt/build/projekt -- -j4 -l4
[0.085s] Invoked command in '/home/telegdicsongor/scara_ws/SCARA_projekt/build/projekt' returned '0': CMAKE_PREFIX_PATH=${CMAKE_PREFIX_PATH}:/home/telegdicsongor/install/bme_ros2_tutorials_py:/home/telegdicsongor/ros2_ws/install/bme_ros2_tutorials_py:/opt/ros/jazzy DEBUGINFOD_URLS=https://debuginfod.ubuntu.com /usr/bin/cmake --build /home/telegdicsongor/scara_ws/SCARA_projekt/build/projekt -- -j4 -l4
[0.094s] Invoking command in '/home/telegdicsongor/scara_ws/SCARA_projekt/build/projekt': CMAKE_PREFIX_PATH=${CMAKE_PREFIX_PATH}:/home/telegdicsongor/install/bme_ros2_tutorials_py:/home/telegdicsongor/ros2_ws/install/bme_ros2_tutorials_py:/opt/ros/jazzy DEBUGINFOD_URLS=https://debuginfod.ubuntu.com /usr/bin/cmake --install /home/telegdicsongor/scara_ws/SCARA_projekt/build/projekt
[0.099s] -- Install configuration: ""
[0.102s] -- Up-to-date: /home/telegdicsongor/scara_ws/SCARA_projekt/install/projekt/share/projekt/config
[0.102s] -- Up-to-date: /home/telegdicsongor/scara_ws/SCARA_projekt/install/projekt/share/projekt/config/controller_position.yaml
[0.102s] -- Up-to-date: /home/telegdicsongor/scara_ws/SCARA_projekt/install/projekt/share/projekt/config/gz_bridge.yaml
[0.102s] -- Up-to-date: /home/telegdicsongor/scara_ws/SCARA_projekt/install/projekt/share/projekt/launch
[0.102s] -- Up-to-date: /home/telegdicsongor/scara_ws/SCARA_projekt/install/projekt/share/projekt/launch/spawn_robot.launch.py
[0.103s] -- Up-to-date: /home/telegdicsongor/scara_ws/SCARA_projekt/install/projekt/share/projekt/launch/world.launch.py
[0.103s] -- Up-to-date: /home/telegdicsongor/scara_ws/SCARA_projekt/install/projekt/share/projekt/launch/check_urdf.launch.py
[0.103s] -- Up-to-date: /home/telegdicsongor/scara_ws/SCARA_projekt/install/projekt/share/projekt/rviz
[0.103s] -- Up-to-date: /home/telegdicsongor/scara_ws/SCARA_projekt/install/projekt/share/projekt/rviz/rviz.rviz
[0.103s] -- Up-to-date: /home/telegdicsongor/scara_ws/SCARA_projekt/install/projekt/share/projekt/rviz/urdf.rviz
[0.103s] -- Up-to-date: /home/telegdicsongor/scara_ws/SCARA_projekt/install/projekt/share/projekt/urdf
[0.103s] -- Up-to-date: /home/telegdicsongor/scara_ws/SCARA_projekt/install/projekt/share/projekt/urdf/scara.gazebo
[0.103s] -- Up-to-date: /home/telegdicsongor/scara_ws/SCARA_projekt/install/projekt/share/projekt/urdf/scara.urdf
[0.103s] -- Up-to-date: /home/telegdicsongor/scara_ws/SCARA_projekt/install/projekt/share/projekt/worlds
[0.103s] -- Up-to-date: /home/telegdicsongor/scara_ws/SCARA_projekt/install/projekt/share/projekt/worlds/world.sdf
[0.103s] -- Up-to-date: /home/telegdicsongor/scara_ws/SCARA_projekt/install/projekt/share/projekt/meshes
[0.103s] -- Up-to-date: /home/telegdicsongor/scara_ws/SCARA_projekt/install/projekt/share/ament_index/resource_index/package_run_dependencies/projekt
[0.103s] -- Up-to-date: /home/telegdicsongor/scara_ws/SCARA_projekt/install/projekt/share/ament_index/resource_index/parent_prefix_path/projekt
[0.103s] -- Up-to-date: /home/telegdicsongor/scara_ws/SCARA_projekt/install/projekt/share/projekt/environment/ament_prefix_path.sh
[0.103s] -- Up-to-date: /home/telegdicsongor/scara_ws/SCARA_projekt/install/projekt/share/projekt/environment/ament_prefix_path.dsv
[0.103s] -- Up-to-date: /home/telegdicsongor/scara_ws/SCARA_projekt/install/projekt/share/projekt/environment/path.sh
[0.103s] -- Up-to-date: /home/telegdicsongor/scara_ws/SCARA_projekt/install/projekt/share/projekt/environment/path.dsv
[0.103s] -- Up-to-date: /home/telegdicsongor/scara_ws/SCARA_projekt/install/projekt/share/projekt/local_setup.bash
[0.103s] -- Up-to-date: /home/telegdicsongor/scara_ws/SCARA_projekt/install/projekt/share/projekt/local_setup.sh
[0.103s] -- Up-to-date: /home/telegdicsongor/scara_ws/SCARA_projekt/install/projekt/share/projekt/local_setup.zsh
[0.103s] -- Up-to-date: /home/telegdicsongor/scara_ws/SCARA_projekt/install/projekt/share/projekt/local_setup.dsv
[0.103s] -- Installing: /home/telegdicsongor/scara_ws/SCARA_projekt/install/projekt/share/projekt/package.dsv
[0.103s] -- Up-to-date: /home/telegdicsongor/scara_ws/SCARA_projekt/install/projekt/share/ament_index/resource_index/packages/projekt
[0.104s] -- Up-to-date: /home/telegdicsongor/scara_ws/SCARA_projekt/install/projekt/share/projekt/cmake/projektConfig.cmake
[0.104s] -- Up-to-date: /home/telegdicsongor/scara_ws/SCARA_projekt/install/projekt/share/projekt/cmake/projektConfig-version.cmake
[0.104s] -- Up-to-date: /home/telegdicsongor/scara_ws/SCARA_projekt/install/projekt/share/projekt/package.xml
[0.104s] Invoked command in '/home/telegdicsongor/scara_ws/SCARA_projekt/build/projekt' returned '0': CMAKE_PREFIX_PATH=${CMAKE_PREFIX_PATH}:/home/telegdicsongor/install/bme_ros2_tutorials_py:/home/telegdicsongor/ros2_ws/install/bme_ros2_tutorials_py:/opt/ros/jazzy DEBUGINFOD_URLS=https://debuginfod.ubuntu.com /usr/bin/cmake --install /home/telegdicsongor/scara_ws/SCARA_projekt/build/projekt
