[0.025s] Invoking command in '/home/telegdicsongor/scara_ws/SCARA_projekt/build/projekt': CMAKE_PREFIX_PATH=${CMAKE_PREFIX_PATH}:/opt/ros/jazzy DEBUGINFOD_URLS=https://debuginfod.ubuntu.com /usr/bin/cmake /home/telegdicsongor/scara_ws/SCARA_projekt/projekt -DCMAKE_INSTALL_PREFIX=/home/telegdicsongor/scara_ws/SCARA_projekt/install/projekt
[0.462s] -- The C compiler identification is GNU 13.3.0
[0.683s] -- The CXX compiler identification is GNU 13.3.0
[0.698s] -- Detecting C compiler ABI info
[0.776s] -- Detecting C compiler ABI info - done
[0.781s] -- Check for working C compiler: /usr/bin/cc - skipped
[0.782s] -- Detecting C compile features
[0.782s] -- Detecting C compile features - done
[0.787s] -- Detecting CXX compiler ABI info
[0.895s] -- Detecting CXX compiler ABI info - done
[0.903s] -- Check for working CXX compiler: /usr/bin/c++ - skipped
[0.903s] -- Detecting CXX compile features
[0.904s] -- Detecting CXX compile features - done
[0.941s] -- Found ament_cmake: 2.5.6 (/opt/ros/jazzy/share/ament_cmake/cmake)
[1.083s] -- Found Python3: /usr/bin/python3 (found version "3.12.3") found components: Interpreter 
[1.372s] -- Configuring done (1.2s)
[1.375s] -- Generating done (0.0s)
[1.377s] -- Build files have been written to: /home/telegdicsongor/scara_ws/SCARA_projekt/build/projekt
[1.394s] Invoked command in '/home/telegdicsongor/scara_ws/SCARA_projekt/build/projekt' returned '0': CMAKE_PREFIX_PATH=${CMAKE_PREFIX_PATH}:/opt/ros/jazzy DEBUGINFOD_URLS=https://debuginfod.ubuntu.com /usr/bin/cmake /home/telegdicsongor/scara_ws/SCARA_projekt/projekt -DCMAKE_INSTALL_PREFIX=/home/telegdicsongor/scara_ws/SCARA_projekt/install/projekt
[1.396s] Invoking command in '/home/telegdicsongor/scara_ws/SCARA_projekt/build/projekt': CMAKE_PREFIX_PATH=${CMAKE_PREFIX_PATH}:/opt/ros/jazzy DEBUGINFOD_URLS=https://debuginfod.ubuntu.com /usr/bin/cmake --build /home/telegdicsongor/scara_ws/SCARA_projekt/build/projekt -- -j4 -l4
[1.435s] Invoked command in '/home/telegdicsongor/scara_ws/SCARA_projekt/build/projekt' returned '0': CMAKE_PREFIX_PATH=${CMAKE_PREFIX_PATH}:/opt/ros/jazzy DEBUGINFOD_URLS=https://debuginfod.ubuntu.com /usr/bin/cmake --build /home/telegdicsongor/scara_ws/SCARA_projekt/build/projekt -- -j4 -l4
[1.452s] Invoking command in '/home/telegdicsongor/scara_ws/SCARA_projekt/build/projekt': CMAKE_PREFIX_PATH=${CMAKE_PREFIX_PATH}:/opt/ros/jazzy DEBUGINFOD_URLS=https://debuginfod.ubuntu.com /usr/bin/cmake --install /home/telegdicsongor/scara_ws/SCARA_projekt/build/projekt
[1.464s] -- Install configuration: ""
[1.464s] -- Installing: /home/telegdicsongor/scara_ws/SCARA_projekt/install/projekt/share/projekt/config
[1.466s] -- Installing: /home/telegdicsongor/scara_ws/SCARA_projekt/install/projekt/share/projekt/config/controller_position.yaml
[1.466s] -- Installing: /home/telegdicsongor/scara_ws/SCARA_projekt/install/projekt/share/projekt/config/gz_bridge.yaml
[1.466s] -- Installing: /home/telegdicsongor/scara_ws/SCARA_projekt/install/projekt/share/projekt/launch
[1.467s] -- Installing: /home/telegdicsongor/scara_ws/SCARA_projekt/install/projekt/share/projekt/launch/spawn_robot.launch.py
[1.467s] -- Installing: /home/telegdicsongor/scara_ws/SCARA_projekt/install/projekt/share/projekt/launch/world.launch.py
[1.467s] -- Installing: /home/telegdicsongor/scara_ws/SCARA_projekt/install/projekt/share/projekt/launch/check_urdf.launch.py
[1.468s] -- Installing: /home/telegdicsongor/scara_ws/SCARA_projekt/install/projekt/share/projekt/rviz
[1.468s] -- Installing: /home/telegdicsongor/scara_ws/SCARA_projekt/install/projekt/share/projekt/rviz/rviz.rviz
[1.468s] -- Installing: /home/telegdicsongor/scara_ws/SCARA_projekt/install/projekt/share/projekt/rviz/urdf.rviz
[1.468s] -- Installing: /home/telegdicsongor/scara_ws/SCARA_projekt/install/projekt/share/projekt/urdf
[1.468s] -- Installing: /home/telegdicsongor/scara_ws/SCARA_projekt/install/projekt/share/projekt/urdf/scara.gazebo
[1.469s] -- Installing: /home/telegdicsongor/scara_ws/SCARA_projekt/install/projekt/share/projekt/urdf/scara.urdf
[1.469s] -- Installing: /home/telegdicsongor/scara_ws/SCARA_projekt/install/projekt/share/projekt/worlds
[1.469s] -- Installing: /home/telegdicsongor/scara_ws/SCARA_projekt/install/projekt/share/projekt/worlds/world.sdf
[1.469s] -- Up-to-date: /home/telegdicsongor/scara_ws/SCARA_projekt/install/projekt/share/projekt/meshes
[1.470s] -- Installing: /home/telegdicsongor/scara_ws/SCARA_projekt/install/projekt/share/ament_index/resource_index/package_run_dependencies/projekt
[1.470s] -- Installing: /home/telegdicsongor/scara_ws/SCARA_projekt/install/projekt/share/ament_index/resource_index/parent_prefix_path/projekt
[1.470s] -- Installing: /home/telegdicsongor/scara_ws/SCARA_projekt/install/projekt/share/projekt/environment/ament_prefix_path.sh
[1.471s] -- Installing: /home/telegdicsongor/scara_ws/SCARA_projekt/install/projekt/share/projekt/environment/ament_prefix_path.dsv
[1.471s] -- Installing: /home/telegdicsongor/scara_ws/SCARA_projekt/install/projekt/share/projekt/environment/path.sh
[1.472s] -- Installing: /home/telegdicsongor/scara_ws/SCARA_projekt/install/projekt/share/projekt/environment/path.dsv
[1.472s] -- Installing: /home/telegdicsongor/scara_ws/SCARA_projekt/install/projekt/share/projekt/local_setup.bash
[1.472s] -- Installing: /home/telegdicsongor/scara_ws/SCARA_projekt/install/projekt/share/projekt/local_setup.sh
[1.472s] -- Installing: /home/telegdicsongor/scara_ws/SCARA_projekt/install/projekt/share/projekt/local_setup.zsh
[1.472s] -- Installing: /home/telegdicsongor/scara_ws/SCARA_projekt/install/projekt/share/projekt/local_setup.dsv
[1.472s] -- Installing: /home/telegdicsongor/scara_ws/SCARA_projekt/install/projekt/share/projekt/package.dsv
[1.472s] -- Installing: /home/telegdicsongor/scara_ws/SCARA_projekt/install/projekt/share/ament_index/resource_index/packages/projekt
[1.472s] -- Installing: /home/telegdicsongor/scara_ws/SCARA_projekt/install/projekt/share/projekt/cmake/projektConfig.cmake
[1.472s] -- Installing: /home/telegdicsongor/scara_ws/SCARA_projekt/install/projekt/share/projekt/cmake/projektConfig-version.cmake
[1.472s] -- Installing: /home/telegdicsongor/scara_ws/SCARA_projekt/install/projekt/share/projekt/package.xml
[1.474s] Invoked command in '/home/telegdicsongor/scara_ws/SCARA_projekt/build/projekt' returned '0': CMAKE_PREFIX_PATH=${CMAKE_PREFIX_PATH}:/opt/ros/jazzy DEBUGINFOD_URLS=https://debuginfod.ubuntu.com /usr/bin/cmake --install /home/telegdicsongor/scara_ws/SCARA_projekt/build/projekt
